<?xml version="1.0" encoding="UTF-8"?>
<!-- Generated by org.testng.reporters.JUnitReportReporter -->
<testsuite hostname="DESKTOP-2Q2MD6U" failures="0" tests="1" name="testCases.TC003_SearchClientTest" time="39.183" errors="0" timestamp="2025-01-05T09:35:40 AST" skipped="0">
  <testcase classname="testCases.TC003_SearchClientTest" name="verifyClientSearch" time="39.183"/>
</testsuite> <!-- testCases.TC003_SearchClientTest -->
