<?xml version="1.0" encoding="UTF-8"?>
<!-- Generated by org.testng.reporters.JUnitReportReporter -->
<testsuite hostname="DESKTOP-2Q2MD6U" failures="0" tests="1" name="testCases.TC006_LoginWithInvalid" time="1.592" errors="0" timestamp="2025-03-12T19:33:36 AST" skipped="0">
  <testcase classname="testCases.TC006_LoginWithInvalid" name="verifyLoginWithInvalid" time="1.592"/>
</testsuite> <!-- testCases.TC006_LoginWithInvalid -->
