<?xml version="1.0" encoding="UTF-8"?>
<!-- Generated by org.testng.reporters.JUnitReportReporter -->
<testsuite hostname="DESKTOP-2Q2MD6U" failures="0" tests="1" name="testCases.TC002_AddClientTest" time="16.323" errors="0" timestamp="2025-01-25T15:45:26 AST" skipped="0">
  <testcase classname="testCases.TC002_AddClientTest" name="verify_Add_Client" time="16.323"/>
</testsuite> <!-- testCases.TC002_AddClientTest -->
