<?xml version="1.0" encoding="UTF-8"?>
<!-- Generated by org.testng.reporters.JUnitReportReporter -->
<testsuite hostname="DESKTOP-2Q2MD6U" failures="0" tests="1" name="testCases.TC005_LoginTest" time="2.685" errors="0" timestamp="2024-12-22T16:01:29 AST" skipped="0">
  <testcase classname="testCases.TC005_LoginTest" name="verifyLoginWithValid" time="2.685"/>
</testsuite> <!-- testCases.TC005_LoginTest -->
