<?xml version="1.0" encoding="UTF-8"?>
<!-- Generated by org.testng.reporters.JUnitReportReporter -->
<testsuite hostname="DESKTOP-2Q2MD6U" failures="0" tests="1" name="testCases.TC002_AddClientTest" time="9.299" errors="0" timestamp="2024-11-16T09:14:17 AST" skipped="0">
  <testcase classname="testCases.TC002_AddClientTest" name="verify_Add_Client" time="9.299"/>
</testsuite> <!-- testCases.TC002_AddClientTest -->
