<?xml version="1.0" encoding="UTF-8"?>
<!-- Generated by org.testng.reporters.JUnitReportReporter -->
<testsuite hostname="DESKTOP-2Q2MD6U" failures="0" tests="1" name="testCases.TC007_AddMembershipTest" time="12.648" errors="0" timestamp="2025-01-12T19:01:34 AST" skipped="0">
  <testcase classname="testCases.TC007_AddMembershipTest" name="verifyAddMembership" time="12.648"/>
</testsuite> <!-- testCases.TC007_AddMembershipTest -->
