<?xml version="1.0" encoding="UTF-8"?>
<!-- Generated by org.testng.reporters.JUnitReportReporter -->
<testsuite hostname="DESKTOP-2Q2MD6U" failures="0" tests="1" name="testCases.TC006_LoginWithInvalid" time="1.831" errors="0" timestamp="2024-12-22T16:01:29 AST" skipped="0">
  <testcase classname="testCases.TC006_LoginWithInvalid" name="verifyLoginWithInvalid" time="1.831"/>
</testsuite> <!-- testCases.TC006_LoginWithInvalid -->
