<?xml version="1.0" encoding="UTF-8"?>
<!-- Generated by org.testng.reporters.JUnitReportReporter -->
<testsuite hostname="DESKTOP-2Q2MD6U" failures="0" tests="1" name="testCases.TC003_SearchClientTest" time="30.608" errors="0" timestamp="2024-11-17T21:47:39 AST" skipped="0">
  <testcase classname="testCases.TC003_SearchClientTest" name="verifyClientSearch" time="30.608"/>
</testsuite> <!-- testCases.TC003_SearchClientTest -->
