<?xml version="1.0" encoding="UTF-8"?>
<!-- Generated by org.testng.reporters.JUnitReportReporter -->
<testsuite hostname="DESKTOP-2Q2MD6U" failures="0" tests="1" name="testCases.TC006_LoginWithInvalid" time="2.744" errors="0" timestamp="2025-02-15T16:06:46 AST" skipped="0">
  <testcase classname="testCases.TC006_LoginWithInvalid" name="verifyLoginWithInvalid" time="2.744"/>
</testsuite> <!-- testCases.TC006_LoginWithInvalid -->
