<?xml version="1.0" encoding="UTF-8"?>
<!-- Generated by org.testng.reporters.JUnitReportReporter -->
<testsuite hostname="DESKTOP-2Q2MD6U" failures="0" tests="2" name="testCases.TC008_EditClientTest" time="52.011" errors="0" timestamp="2025-03-16T14:23:31 AST" skipped="1">
  <testcase classname="testCases.TC008_EditClientTest" name="VerifyEditClientWithValidData" time="52.011"/>
  <testcase classname="testCases.TC008_EditClientTest" name="verifyEditClient">
    <skipped/>
  </testcase> <!-- verifyEditClient -->
</testsuite> <!-- testCases.TC008_EditClientTest -->
